<?xml version="1.0" encoding="UTF-8"?>
<!-- Generated by org.testng.reporters.JUnitReportReporter -->
<testsuite hostname="raksit-Aspire-E5-572G" name="com.raksit.assignment4.AppTest" tests="1" failures="0" timestamp="13 May 2017 08:23:51 GMT" time="0.005" errors="0">
  <testcase name="testApp" time="0.005" classname="com.raksit.assignment4.AppTest"/>
</testsuite> <!-- com.raksit.assignment4.AppTest -->
